<?xml version="1.0" encoding="UTF-8"?>
<!-- Generated by org.testng.reporters.JUnitReportReporter -->
<testsuite hostname="DESKTOP-G2DUPBF" name="testcases.LearnAnnotation" tests="2" failures="0" timestamp="30 Dec 2017 19:16:22 GMT" time="0.006" errors="0">
  <testcase name="Login1" time="0.001" classname="testcases.LearnAnnotation"/>
  <testcase name="Login2" time="0.005" classname="testcases.LearnAnnotation"/>
</testsuite> <!-- testcases.LearnAnnotation -->
