<?xml version="1.0" encoding="UTF-8"?>
<!-- Generated by org.testng.reporters.JUnitReportReporter -->
<testsuite hostname="DESKTOP-G2DUPBF" name="testcases.CreateLead" tests="2" failures="0" timestamp="6 Jan 2018 19:34:13 GMT" time="77.442" errors="1">
  <testcase name="createLead" time="31.875" classname="testcases.CreateLead"/>
  <testcase name="createLead" time="45.567" classname="testcases.CreateLead">
    <error type="java.lang.NullPointerException">
      <![CDATA[java.lang.NullPointerException
	at wdMethods.SeMethods.click(SeMethods.java:118)
	at testcases.CreateLead.createLead(CreateLead.java:24)
	at sun.reflect.NativeMethodAccessorImpl.invoke0(Native Method)
	at sun.reflect.NativeMethodAccessorImpl.invoke(NativeMethodAccessorImpl.java:62)
	at sun.reflect.DelegatingMethodAccessorImpl.invoke(DelegatingMethodAccessorImpl.java:43)
	at java.lang.reflect.Method.invoke(Method.java:483)
	at org.testng.internal.MethodInvocationHelper.invokeMethod(MethodInvocationHelper.java:85)
	at org.testng.internal.Invoker.invokeMethod(Invoker.java:639)
	at org.testng.internal.Invoker.invokeTestMethod(Invoker.java:816)
	at org.testng.internal.Invoker.invokeTestMethods(Invoker.java:1124)
	at org.testng.internal.TestMethodWorker.invokeTestMethods(TestMethodWorker.java:124)
	at org.testng.internal.TestMethodWorker.run(TestMethodWorker.java:108)
	at java.util.concurrent.ThreadPoolExecutor.runWorker(ThreadPoolExecutor.java:1142)
	at java.util.concurrent.ThreadPoolExecutor$Worker.run(ThreadPoolExecutor.java:617)
	at java.lang.Thread.run(Thread.java:744)
]]>
    </error>
  </testcase> <!-- createLead -->
</testsuite> <!-- testcases.CreateLead -->
