<?xml version="1.0" encoding="UTF-8"?>
<!-- Generated by org.testng.reporters.JUnitReportReporter -->
<testsuite hostname="DESKTOP-G2DUPBF" name="learnReporter.LearnExtent" tests="1" failures="0" timestamp="8 Mar 2018 18:57:49 GMT" time="0.797" errors="0">
  <testcase name="learnExtent" time="0.797" classname="learnReporter.LearnExtent"/>
</testsuite> <!-- learnReporter.LearnExtent -->
