<?xml version="1.0" encoding="UTF-8"?>
<!-- Generated by org.testng.reporters.JUnitReportReporter -->
<testsuite hostname="DESKTOP-G2DUPBF" name="grid.Leaftaps" tests="1" failures="0" timestamp="20 Jan 2018 17:31:40 GMT" time="21.436" errors="0">
  <testcase name="login" time="21.436" classname="grid.Leaftaps"/>
</testsuite> <!-- grid.Leaftaps -->
