<?xml version="1.0" encoding="UTF-8"?>
<!-- Generated by org.testng.reporters.JUnitReportReporter -->
<testsuite hostname="DESKTOP-G2DUPBF" name="testcases.DuplicateLeads" tests="1" failures="0" timestamp="30 Dec 2017 19:27:14 GMT" time="55.236" errors="0">
  <testcase name="DuplicateLead" time="55.236" classname="testcases.DuplicateLeads"/>
</testsuite> <!-- testcases.DuplicateLeads -->
