<?xml version="1.0" encoding="UTF-8"?>
<!-- Generated by org.testng.reporters.JUnitReportReporter -->
<testsuite hostname="DESKTOP-G2DUPBF" name="learnReporter.LearnExtent" tests="1" failures="0" timestamp="6 Jan 2018 17:40:49 GMT" time="0.587" errors="0">
  <testcase name="learnExtent" time="0.587" classname="learnReporter.LearnExtent"/>
</testsuite> <!-- learnReporter.LearnExtent -->
